<?xml version="1.0" encoding="UTF-8"?>
<coverage generated="1617032252220" clover="3.2.0">
  <project timestamp="1617032252220" name="All files">
    <metrics statements="68" coveredstatements="48" conditionals="20" coveredconditionals="7" methods="16" coveredmethods="10" elements="104" coveredelements="65" complexity="0" loc="68" ncloc="68" packages="6" files="14" classes="14"/>
    <package name="src">
      <metrics statements="13" coveredstatements="3" conditionals="4" coveredconditionals="0" methods="4" coveredmethods="2"/>
      <file name="App.js" path="/Users/skarunakar/dev/roman-numerals-converter/src/App.js">
        <metrics statements="1" coveredstatements="1" conditionals="0" coveredconditionals="0" methods="1" coveredmethods="1"/>
        <line num="11" count="1" type="stmt"/>
      </file>
      <file name="app.helpers.js" path="/Users/skarunakar/dev/roman-numerals-converter/src/app.helpers.js">
        <metrics statements="2" coveredstatements="2" conditionals="0" coveredconditionals="0" methods="1" coveredmethods="1"/>
        <line num="1" count="3" type="stmt"/>
        <line num="2" count="3" type="stmt"/>
      </file>
      <file name="index.js" path="/Users/skarunakar/dev/roman-numerals-converter/src/index.js">
        <metrics statements="2" coveredstatements="0" conditionals="0" coveredconditionals="0" methods="0" coveredmethods="0"/>
        <line num="7" count="0" type="stmt"/>
        <line num="17" count="0" type="stmt"/>
      </file>
      <file name="reportWebVitals.js" path="/Users/skarunakar/dev/roman-numerals-converter/src/reportWebVitals.js">
        <metrics statements="8" coveredstatements="0" conditionals="4" coveredconditionals="0" methods="2" coveredmethods="0"/>
        <line num="1" count="0" type="stmt"/>
        <line num="2" count="0" type="cond" truecount="0" falsecount="4"/>
        <line num="3" count="0" type="stmt"/>
        <line num="4" count="0" type="stmt"/>
        <line num="5" count="0" type="stmt"/>
        <line num="6" count="0" type="stmt"/>
        <line num="7" count="0" type="stmt"/>
        <line num="8" count="0" type="stmt"/>
      </file>
    </package>
    <package name="src.atoms.conversionReferenceChart">
      <metrics statements="2" coveredstatements="2" conditionals="0" coveredconditionals="0" methods="1" coveredmethods="1"/>
      <file name="ConversionReferenceChart.js" path="/Users/skarunakar/dev/roman-numerals-converter/src/atoms/conversionReferenceChart/ConversionReferenceChart.js">
        <metrics statements="2" coveredstatements="2" conditionals="0" coveredconditionals="0" methods="1" coveredmethods="1"/>
        <line num="4" count="2" type="stmt"/>
        <line num="5" count="2" type="stmt"/>
      </file>
      <file name="index.js" path="/Users/skarunakar/dev/roman-numerals-converter/src/atoms/conversionReferenceChart/index.js">
        <metrics statements="0" coveredstatements="0" conditionals="0" coveredconditionals="0" methods="0" coveredmethods="0"/>
      </file>
    </package>
    <package name="src.atoms.converterCard">
      <metrics statements="9" coveredstatements="7" conditionals="2" coveredconditionals="0" methods="3" coveredmethods="1"/>
      <file name="ConverterCard.js" path="/Users/skarunakar/dev/roman-numerals-converter/src/atoms/converterCard/ConverterCard.js">
        <metrics statements="9" coveredstatements="7" conditionals="2" coveredconditionals="0" methods="3" coveredmethods="1"/>
        <line num="5" count="4" type="cond" truecount="0" falsecount="1"/>
        <line num="6" count="5" type="stmt"/>
        <line num="8" count="5" type="cond" truecount="0" falsecount="1"/>
        <line num="9" count="0" type="stmt"/>
        <line num="10" count="0" type="stmt"/>
        <line num="19" count="5" type="stmt"/>
        <line num="20" count="5" type="stmt"/>
        <line num="30" count="4" type="stmt"/>
        <line num="38" count="4" type="stmt"/>
      </file>
      <file name="index.js" path="/Users/skarunakar/dev/roman-numerals-converter/src/atoms/converterCard/index.js">
        <metrics statements="0" coveredstatements="0" conditionals="0" coveredconditionals="0" methods="0" coveredmethods="0"/>
      </file>
    </package>
    <package name="src.molecules.integerToRomanNumeral">
      <metrics statements="8" coveredstatements="4" conditionals="2" coveredconditionals="0" methods="2" coveredmethods="1"/>
      <file name="IntegerToRomanNumeral.js" path="/Users/skarunakar/dev/roman-numerals-converter/src/molecules/integerToRomanNumeral/IntegerToRomanNumeral.js">
        <metrics statements="8" coveredstatements="4" conditionals="2" coveredconditionals="0" methods="2" coveredmethods="1"/>
        <line num="10" count="2" type="stmt"/>
        <line num="15" count="2" type="stmt"/>
        <line num="16" count="0" type="stmt"/>
        <line num="17" count="0" type="cond" truecount="0" falsecount="2"/>
        <line num="18" count="0" type="stmt"/>
        <line num="20" count="0" type="stmt"/>
        <line num="24" count="2" type="stmt"/>
        <line num="25" count="2" type="stmt"/>
      </file>
      <file name="index.js" path="/Users/skarunakar/dev/roman-numerals-converter/src/molecules/integerToRomanNumeral/index.js">
        <metrics statements="0" coveredstatements="0" conditionals="0" coveredconditionals="0" methods="0" coveredmethods="0"/>
      </file>
    </package>
    <package name="src.molecules.romanNumeralToInteger">
      <metrics statements="8" coveredstatements="4" conditionals="3" coveredconditionals="0" methods="2" coveredmethods="1"/>
      <file name="RomanNumeralToInteger.js" path="/Users/skarunakar/dev/roman-numerals-converter/src/molecules/romanNumeralToInteger/RomanNumeralToInteger.js">
        <metrics statements="8" coveredstatements="4" conditionals="3" coveredconditionals="0" methods="2" coveredmethods="1"/>
        <line num="10" count="2" type="stmt"/>
        <line num="15" count="2" type="cond" truecount="0" falsecount="1"/>
        <line num="16" count="0" type="stmt"/>
        <line num="17" count="0" type="cond" truecount="0" falsecount="2"/>
        <line num="18" count="0" type="stmt"/>
        <line num="20" count="0" type="stmt"/>
        <line num="24" count="2" type="stmt"/>
        <line num="25" count="2" type="stmt"/>
      </file>
      <file name="index.js" path="/Users/skarunakar/dev/roman-numerals-converter/src/molecules/romanNumeralToInteger/index.js">
        <metrics statements="0" coveredstatements="0" conditionals="0" coveredconditionals="0" methods="0" coveredmethods="0"/>
      </file>
    </package>
    <package name="src.utils">
      <metrics statements="28" coveredstatements="28" conditionals="9" coveredconditionals="7" methods="4" coveredmethods="4"/>
      <file name="fromRoman.js" path="/Users/skarunakar/dev/roman-numerals-converter/src/utils/fromRoman.js">
        <metrics statements="15" coveredstatements="15" conditionals="5" coveredconditionals="3" methods="1" coveredmethods="1"/>
        <line num="2" count="3" type="stmt"/>
        <line num="13" count="3" type="stmt"/>
        <line num="14" count="3" type="cond" truecount="2" falsecount="0"/>
        <line num="15" count="1" type="stmt"/>
        <line num="17" count="2" type="stmt"/>
        <line num="18" count="2" type="stmt"/>
        <line num="19" count="2" type="stmt"/>
        <line num="20" count="2" type="stmt"/>
        <line num="21" count="2" type="stmt"/>
        <line num="22" count="2" type="cond" truecount="1" falsecount="1"/>
        <line num="23" count="2" type="stmt"/>
        <line num="25" count="2" type="stmt"/>
        <line num="26" count="2" type="stmt"/>
        <line num="27" count="2" type="stmt"/>
        <line num="29" count="2" type="stmt"/>
      </file>
      <file name="toRoman.js" path="/Users/skarunakar/dev/roman-numerals-converter/src/utils/toRoman.js">
        <metrics statements="13" coveredstatements="13" conditionals="4" coveredconditionals="4" methods="3" coveredmethods="3"/>
        <line num="1" count="3" type="stmt"/>
        <line num="3" count="3" type="stmt"/>
        <line num="5" count="21" type="stmt"/>
        <line num="8" count="4" type="stmt"/>
        <line num="9" count="4" type="cond" truecount="4" falsecount="0"/>
        <line num="10" count="3" type="stmt"/>
        <line num="12" count="1" type="stmt"/>
        <line num="13" count="1" type="stmt"/>
        <line num="14" count="6" type="stmt"/>
        <line num="15" count="6" type="stmt"/>
        <line num="16" count="6" type="stmt"/>
        <line num="17" count="6" type="stmt"/>
        <line num="19" count="1" type="stmt"/>
      </file>
    </package>
  </project>
</coverage>
