{"/Users/skarunakar/dev/roman-numerals-converter/src/App.js": {"path":"/Users/skarunakar/dev/roman-numerals-converter/src/App.js","statementMap":{"0":{"start":{"line":11,"column":4},"end":{"line":22,"column":6}}},"fnMap":{"0":{"name":"(anonymous_0)","decl":{"start":{"line":10,"column":2},"end":{"line":10,"column":3}},"loc":{"start":{"line":10,"column":11},"end":{"line":23,"column":3}},"line":10}},"branchMap":{},"s":{"0":1},"f":{"0":1},"b":{},"_coverageSchema":"1a1c01bbd47fc00a2c39e90264f33305004495a9","hash":"a2d1acdfcf368d82f6800f07df218c478de2156a"}
,"/Users/skarunakar/dev/roman-numerals-converter/src/app.helpers.js": {"path":"/Users/skarunakar/dev/roman-numerals-converter/src/app.helpers.js","statementMap":{"0":{"start":{"line":1,"column":34},"end":{"line":1,"column":92}},"1":{"start":{"line":2,"column":35},"end":{"line":2,"column":98}},"2":{"start":{"line":2,"column":53},"end":{"line":2,"column":98}}},"fnMap":{"0":{"name":"(anonymous_0)","decl":{"start":{"line":2,"column":35},"end":{"line":2,"column":36}},"loc":{"start":{"line":2,"column":53},"end":{"line":2,"column":98}},"line":2}},"branchMap":{},"s":{"0":3,"1":3,"2":3},"f":{"0":3},"b":{},"_coverageSchema":"1a1c01bbd47fc00a2c39e90264f33305004495a9","hash":"b89fbb130f740fb2d6f8f2c7ba094cdb40340003"}
,"/Users/skarunakar/dev/roman-numerals-converter/src/index.js": {"path":"/Users/skarunakar/dev/roman-numerals-converter/src/index.js","statementMap":{"0":{"start":{"line":7,"column":0},"end":{"line":12,"column":2}},"1":{"start":{"line":17,"column":0},"end":{"line":17,"column":18}}},"fnMap":{},"branchMap":{},"s":{"0":0,"1":0},"f":{},"b":{}}
,"/Users/skarunakar/dev/roman-numerals-converter/src/reportWebVitals.js": {"path":"/Users/skarunakar/dev/roman-numerals-converter/src/reportWebVitals.js","statementMap":{"0":{"start":{"line":1,"column":24},"end":{"line":11,"column":1}},"1":{"start":{"line":2,"column":2},"end":{"line":10,"column":3}},"2":{"start":{"line":3,"column":4},"end":{"line":9,"column":7}},"3":{"start":{"line":4,"column":6},"end":{"line":4,"column":26}},"4":{"start":{"line":5,"column":6},"end":{"line":5,"column":26}},"5":{"start":{"line":6,"column":6},"end":{"line":6,"column":26}},"6":{"start":{"line":7,"column":6},"end":{"line":7,"column":26}},"7":{"start":{"line":8,"column":6},"end":{"line":8,"column":27}}},"fnMap":{"0":{"name":"(anonymous_0)","decl":{"start":{"line":1,"column":24},"end":{"line":1,"column":25}},"loc":{"start":{"line":1,"column":39},"end":{"line":11,"column":1}},"line":1},"1":{"name":"(anonymous_1)","decl":{"start":{"line":3,"column":30},"end":{"line":3,"column":31}},"loc":{"start":{"line":3,"column":79},"end":{"line":9,"column":5}},"line":3}},"branchMap":{"0":{"loc":{"start":{"line":2,"column":2},"end":{"line":10,"column":3}},"type":"if","locations":[{"start":{"line":2,"column":2},"end":{"line":10,"column":3}},{"start":{"line":2,"column":2},"end":{"line":10,"column":3}}],"line":2},"1":{"loc":{"start":{"line":2,"column":6},"end":{"line":2,"column":52}},"type":"binary-expr","locations":[{"start":{"line":2,"column":6},"end":{"line":2,"column":17}},{"start":{"line":2,"column":21},"end":{"line":2,"column":52}}],"line":2}},"s":{"0":0,"1":0,"2":0,"3":0,"4":0,"5":0,"6":0,"7":0},"f":{"0":0,"1":0},"b":{"0":[0,0],"1":[0,0]}}
,"/Users/skarunakar/dev/roman-numerals-converter/src/atoms/conversionReferenceChart/ConversionReferenceChart.js": {"path":"/Users/skarunakar/dev/roman-numerals-converter/src/atoms/conversionReferenceChart/ConversionReferenceChart.js","statementMap":{"0":{"start":{"line":4,"column":33},"end":{"line":46,"column":1}},"1":{"start":{"line":5,"column":4},"end":{"line":44,"column":11}}},"fnMap":{"0":{"name":"(anonymous_0)","decl":{"start":{"line":4,"column":33},"end":{"line":4,"column":34}},"loc":{"start":{"line":4,"column":39},"end":{"line":46,"column":1}},"line":4}},"branchMap":{},"s":{"0":2,"1":2},"f":{"0":2},"b":{},"_coverageSchema":"1a1c01bbd47fc00a2c39e90264f33305004495a9","hash":"dc1ce02d8aeba2da4cd1a8d3cbd1c7478deaed3b"}
,"/Users/skarunakar/dev/roman-numerals-converter/src/atoms/conversionReferenceChart/index.js": {"path":"/Users/skarunakar/dev/roman-numerals-converter/src/atoms/conversionReferenceChart/index.js","statementMap":{},"fnMap":{},"branchMap":{},"s":{},"f":{},"b":{},"_coverageSchema":"1a1c01bbd47fc00a2c39e90264f33305004495a9","hash":"6e8d0db8fec1075903b13dad43ca709d1423ae0b"}
,"/Users/skarunakar/dev/roman-numerals-converter/src/atoms/converterCard/ConverterCard.js": {"path":"/Users/skarunakar/dev/roman-numerals-converter/src/atoms/converterCard/ConverterCard.js","statementMap":{"0":{"start":{"line":5,"column":22},"end":{"line":28,"column":1}},"1":{"start":{"line":6,"column":25},"end":{"line":6,"column":30}},"2":{"start":{"line":8,"column":30},"end":{"line":11,"column":18}},"3":{"start":{"line":9,"column":27},"end":{"line":9,"column":45}},"4":{"start":{"line":10,"column":8},"end":{"line":10,"column":29}},"5":{"start":{"line":19,"column":8},"end":{"line":19,"column":13}},"6":{"start":{"line":20,"column":4},"end":{"line":27,"column":5}},"7":{"start":{"line":30,"column":0},"end":{"line":36,"column":2}},"8":{"start":{"line":38,"column":0},"end":{"line":44,"column":2}}},"fnMap":{"0":{"name":"(anonymous_0)","decl":{"start":{"line":5,"column":22},"end":{"line":5,"column":23}},"loc":{"start":{"line":5,"column":38},"end":{"line":28,"column":1}},"line":5},"1":{"name":"(anonymous_1)","decl":{"start":{"line":8,"column":42},"end":{"line":8,"column":43}},"loc":{"start":{"line":8,"column":58},"end":{"line":11,"column":5}},"line":8},"2":{"name":"(anonymous_2)","decl":{"start":{"line":41,"column":14},"end":{"line":41,"column":15}},"loc":{"start":{"line":41,"column":20},"end":{"line":41,"column":23}},"line":41}},"branchMap":{"0":{"loc":{"start":{"line":5,"column":23},"end":{"line":5,"column":33}},"type":"default-arg","locations":[{"start":{"line":5,"column":31},"end":{"line":5,"column":33}}],"line":5},"1":{"loc":{"start":{"line":8,"column":43},"end":{"line":8,"column":53}},"type":"default-arg","locations":[{"start":{"line":8,"column":51},"end":{"line":8,"column":53}}],"line":8}},"s":{"0":4,"1":5,"2":5,"3":0,"4":0,"5":5,"6":5,"7":4,"8":4},"f":{"0":5,"1":0,"2":0},"b":{"0":[0],"1":[0]},"_coverageSchema":"1a1c01bbd47fc00a2c39e90264f33305004495a9","hash":"9a5404b9b54dd67e5a58fa825435f18f0a1f1fb3"}
,"/Users/skarunakar/dev/roman-numerals-converter/src/atoms/converterCard/index.js": {"path":"/Users/skarunakar/dev/roman-numerals-converter/src/atoms/converterCard/index.js","statementMap":{},"fnMap":{},"branchMap":{},"s":{},"f":{},"b":{},"_coverageSchema":"1a1c01bbd47fc00a2c39e90264f33305004495a9","hash":"1334d379b1cbf1f3a9da1a751f6c9eaed93d161b"}
,"/Users/skarunakar/dev/roman-numerals-converter/src/molecules/integerToRomanNumeral/IntegerToRomanNumeral.js": {"path":"/Users/skarunakar/dev/roman-numerals-converter/src/molecules/integerToRomanNumeral/IntegerToRomanNumeral.js","statementMap":{"0":{"start":{"line":10,"column":12},"end":{"line":13,"column":5}},"1":{"start":{"line":15,"column":19},"end":{"line":21,"column":5}},"2":{"start":{"line":16,"column":38},"end":{"line":16,"column":57}},"3":{"start":{"line":17,"column":8},"end":{"line":19,"column":9}},"4":{"start":{"line":18,"column":12},"end":{"line":18,"column":112}},"5":{"start":{"line":20,"column":8},"end":{"line":20,"column":67}},"6":{"start":{"line":24,"column":56},"end":{"line":24,"column":66}},"7":{"start":{"line":25,"column":8},"end":{"line":34,"column":10}}},"fnMap":{"0":{"name":"(anonymous_0)","decl":{"start":{"line":15,"column":19},"end":{"line":15,"column":20}},"loc":{"start":{"line":15,"column":35},"end":{"line":21,"column":5}},"line":15},"1":{"name":"(anonymous_1)","decl":{"start":{"line":23,"column":4},"end":{"line":23,"column":5}},"loc":{"start":{"line":23,"column":13},"end":{"line":35,"column":5}},"line":23}},"branchMap":{"0":{"loc":{"start":{"line":17,"column":8},"end":{"line":19,"column":9}},"type":"if","locations":[{"start":{"line":17,"column":8},"end":{"line":19,"column":9}},{"start":{"line":17,"column":8},"end":{"line":19,"column":9}}],"line":17}},"s":{"0":2,"1":2,"2":0,"3":0,"4":0,"5":0,"6":2,"7":2},"f":{"0":0,"1":2},"b":{"0":[0,0]},"_coverageSchema":"1a1c01bbd47fc00a2c39e90264f33305004495a9","hash":"853d289ce674f77792f167db77863616aaba2092"}
,"/Users/skarunakar/dev/roman-numerals-converter/src/molecules/integerToRomanNumeral/index.js": {"path":"/Users/skarunakar/dev/roman-numerals-converter/src/molecules/integerToRomanNumeral/index.js","statementMap":{},"fnMap":{},"branchMap":{},"s":{},"f":{},"b":{},"_coverageSchema":"1a1c01bbd47fc00a2c39e90264f33305004495a9","hash":"021500bbd121a38e720334bd82a464d975efefff"}
,"/Users/skarunakar/dev/roman-numerals-converter/src/molecules/romanNumeralToInteger/RomanNumeralToInteger.js": {"path":"/Users/skarunakar/dev/roman-numerals-converter/src/molecules/romanNumeralToInteger/RomanNumeralToInteger.js","statementMap":{"0":{"start":{"line":10,"column":12},"end":{"line":13,"column":5}},"1":{"start":{"line":15,"column":19},"end":{"line":21,"column":5}},"2":{"start":{"line":16,"column":33},"end":{"line":16,"column":56}},"3":{"start":{"line":17,"column":8},"end":{"line":19,"column":9}},"4":{"start":{"line":18,"column":12},"end":{"line":18,"column":101}},"5":{"start":{"line":20,"column":8},"end":{"line":20,"column":62}},"6":{"start":{"line":24,"column":51},"end":{"line":24,"column":61}},"7":{"start":{"line":25,"column":8},"end":{"line":34,"column":10}}},"fnMap":{"0":{"name":"(anonymous_0)","decl":{"start":{"line":15,"column":19},"end":{"line":15,"column":20}},"loc":{"start":{"line":15,"column":42},"end":{"line":21,"column":5}},"line":15},"1":{"name":"(anonymous_1)","decl":{"start":{"line":23,"column":4},"end":{"line":23,"column":5}},"loc":{"start":{"line":23,"column":13},"end":{"line":35,"column":5}},"line":23}},"branchMap":{"0":{"loc":{"start":{"line":15,"column":20},"end":{"line":15,"column":37}},"type":"default-arg","locations":[{"start":{"line":15,"column":35},"end":{"line":15,"column":37}}],"line":15},"1":{"loc":{"start":{"line":17,"column":8},"end":{"line":19,"column":9}},"type":"if","locations":[{"start":{"line":17,"column":8},"end":{"line":19,"column":9}},{"start":{"line":17,"column":8},"end":{"line":19,"column":9}}],"line":17}},"s":{"0":2,"1":2,"2":0,"3":0,"4":0,"5":0,"6":2,"7":2},"f":{"0":0,"1":2},"b":{"0":[0],"1":[0,0]},"_coverageSchema":"1a1c01bbd47fc00a2c39e90264f33305004495a9","hash":"37048660f85da5faed60afdf4b56bb2eaf4479ac"}
,"/Users/skarunakar/dev/roman-numerals-converter/src/molecules/romanNumeralToInteger/index.js": {"path":"/Users/skarunakar/dev/roman-numerals-converter/src/molecules/romanNumeralToInteger/index.js","statementMap":{},"fnMap":{},"branchMap":{},"s":{},"f":{},"b":{},"_coverageSchema":"1a1c01bbd47fc00a2c39e90264f33305004495a9","hash":"102f0fb06a326bddb4f567958dd01315b77d78bc"}
,"/Users/skarunakar/dev/roman-numerals-converter/src/utils/fromRoman.js": {"path":"/Users/skarunakar/dev/roman-numerals-converter/src/utils/fromRoman.js","statementMap":{"0":{"start":{"line":2,"column":26},"end":{"line":10,"column":1}},"1":{"start":{"line":13,"column":25},"end":{"line":13,"column":53}},"2":{"start":{"line":14,"column":4},"end":{"line":16,"column":5}},"3":{"start":{"line":15,"column":8},"end":{"line":15,"column":25}},"4":{"start":{"line":17,"column":29},"end":{"line":17,"column":48}},"5":{"start":{"line":18,"column":26},"end":{"line":18,"column":67}},"6":{"start":{"line":19,"column":23},"end":{"line":19,"column":38}},"7":{"start":{"line":20,"column":4},"end":{"line":28,"column":5}},"8":{"start":{"line":20,"column":17},"end":{"line":20,"column":18}},"9":{"start":{"line":21,"column":27},"end":{"line":21,"column":68}},"10":{"start":{"line":22,"column":8},"end":{"line":24,"column":9}},"11":{"start":{"line":23,"column":12},"end":{"line":23,"column":76}},"12":{"start":{"line":25,"column":8},"end":{"line":25,"column":55}},"13":{"start":{"line":26,"column":8},"end":{"line":26,"column":34}},"14":{"start":{"line":27,"column":8},"end":{"line":27,"column":12}},"15":{"start":{"line":29,"column":4},"end":{"line":29,"column":27}}},"fnMap":{"0":{"name":"fromRoman","decl":{"start":{"line":12,"column":9},"end":{"line":12,"column":18}},"loc":{"start":{"line":12,"column":40},"end":{"line":30,"column":1}},"line":12}},"branchMap":{"0":{"loc":{"start":{"line":12,"column":19},"end":{"line":12,"column":38}},"type":"default-arg","locations":[{"start":{"line":12,"column":36},"end":{"line":12,"column":38}}],"line":12},"1":{"loc":{"start":{"line":14,"column":4},"end":{"line":16,"column":5}},"type":"if","locations":[{"start":{"line":14,"column":4},"end":{"line":16,"column":5}},{"start":{"line":14,"column":4},"end":{"line":16,"column":5}}],"line":14},"2":{"loc":{"start":{"line":22,"column":8},"end":{"line":24,"column":9}},"type":"if","locations":[{"start":{"line":22,"column":8},"end":{"line":24,"column":9}},{"start":{"line":22,"column":8},"end":{"line":24,"column":9}}],"line":22}},"s":{"0":3,"1":3,"2":3,"3":1,"4":2,"5":2,"6":2,"7":2,"8":2,"9":2,"10":2,"11":2,"12":2,"13":2,"14":2,"15":2},"f":{"0":3},"b":{"0":[0],"1":[1,2],"2":[2,0]},"_coverageSchema":"1a1c01bbd47fc00a2c39e90264f33305004495a9","hash":"cd7b6e07ebbbceefb8ba3bdadfa1b526290813a1"}
,"/Users/skarunakar/dev/roman-numerals-converter/src/utils/toRoman.js": {"path":"/Users/skarunakar/dev/roman-numerals-converter/src/utils/toRoman.js","statementMap":{"0":{"start":{"line":1,"column":21},"end":{"line":1,"column":75}},"1":{"start":{"line":3,"column":27},"end":{"line":3,"column":98}},"2":{"start":{"line":5,"column":20},"end":{"line":5,"column":60}},"3":{"start":{"line":5,"column":31},"end":{"line":5,"column":60}},"4":{"start":{"line":5,"column":42},"end":{"line":5,"column":60}},"5":{"start":{"line":8,"column":18},"end":{"line":8,"column":42}},"6":{"start":{"line":9,"column":4},"end":{"line":11,"column":5}},"7":{"start":{"line":10,"column":8},"end":{"line":10,"column":25}},"8":{"start":{"line":12,"column":31},"end":{"line":12,"column":33}},"9":{"start":{"line":13,"column":4},"end":{"line":18,"column":5}},"10":{"start":{"line":14,"column":28},"end":{"line":14,"column":67}},"11":{"start":{"line":15,"column":29},"end":{"line":15,"column":82}},"12":{"start":{"line":16,"column":8},"end":{"line":16,"column":31}},"13":{"start":{"line":17,"column":8},"end":{"line":17,"column":73}},"14":{"start":{"line":19,"column":4},"end":{"line":19,"column":32}}},"fnMap":{"0":{"name":"(anonymous_0)","decl":{"start":{"line":5,"column":20},"end":{"line":5,"column":21}},"loc":{"start":{"line":5,"column":31},"end":{"line":5,"column":60}},"line":5},"1":{"name":"(anonymous_1)","decl":{"start":{"line":5,"column":31},"end":{"line":5,"column":32}},"loc":{"start":{"line":5,"column":42},"end":{"line":5,"column":60}},"line":5},"2":{"name":"toRoman","decl":{"start":{"line":7,"column":9},"end":{"line":7,"column":16}},"loc":{"start":{"line":7,"column":33},"end":{"line":20,"column":1}},"line":7}},"branchMap":{"0":{"loc":{"start":{"line":9,"column":4},"end":{"line":11,"column":5}},"type":"if","locations":[{"start":{"line":9,"column":4},"end":{"line":11,"column":5}},{"start":{"line":9,"column":4},"end":{"line":11,"column":5}}],"line":9},"1":{"loc":{"start":{"line":9,"column":8},"end":{"line":9,"column":39}},"type":"binary-expr","locations":[{"start":{"line":9,"column":8},"end":{"line":9,"column":21}},{"start":{"line":9,"column":25},"end":{"line":9,"column":39}}],"line":9}},"s":{"0":3,"1":3,"2":3,"3":6,"4":21,"5":4,"6":4,"7":3,"8":1,"9":1,"10":6,"11":6,"12":6,"13":6,"14":1},"f":{"0":6,"1":21,"2":4},"b":{"0":[3,1],"1":[4,3]},"_coverageSchema":"1a1c01bbd47fc00a2c39e90264f33305004495a9","hash":"0ddef8f774dd9e42e6c0e0048d41a42bd918c3b4"}
}
