TN:
SF:src/App.js
FN:10,(anonymous_0)
FNF:1
FNH:1
FNDA:1,(anonymous_0)
DA:11,1
LF:1
LH:1
BRF:0
BRH:0
end_of_record
TN:
SF:src/app.helpers.js
FN:2,(anonymous_0)
FNF:1
FNH:1
FNDA:3,(anonymous_0)
DA:1,3
DA:2,3
LF:2
LH:2
BRF:0
BRH:0
end_of_record
TN:
SF:src/index.js
FNF:0
FNH:0
DA:7,0
DA:17,0
LF:2
LH:0
BRF:0
BRH:0
end_of_record
TN:
SF:src/reportWebVitals.js
FN:1,(anonymous_0)
FN:3,(anonymous_1)
FNF:2
FNH:0
FNDA:0,(anonymous_0)
FNDA:0,(anonymous_1)
DA:1,0
DA:2,0
DA:3,0
DA:4,0
DA:5,0
DA:6,0
DA:7,0
DA:8,0
LF:8
LH:0
BRDA:2,0,0,0
BRDA:2,0,1,0
BRDA:2,1,0,0
BRDA:2,1,1,0
BRF:4
BRH:0
end_of_record
TN:
SF:src/atoms/conversionReferenceChart/ConversionReferenceChart.js
FN:4,(anonymous_0)
FNF:1
FNH:1
FNDA:2,(anonymous_0)
DA:4,2
DA:5,2
LF:2
LH:2
BRF:0
BRH:0
end_of_record
TN:
SF:src/atoms/conversionReferenceChart/index.js
FNF:0
FNH:0
LF:0
LH:0
BRF:0
BRH:0
end_of_record
TN:
SF:src/atoms/converterCard/ConverterCard.js
FN:5,(anonymous_0)
FN:8,(anonymous_1)
FN:41,(anonymous_2)
FNF:3
FNH:1
FNDA:5,(anonymous_0)
FNDA:0,(anonymous_1)
FNDA:0,(anonymous_2)
DA:5,4
DA:6,5
DA:8,5
DA:9,0
DA:10,0
DA:19,5
DA:20,5
DA:30,4
DA:38,4
LF:9
LH:7
BRDA:5,0,0,0
BRDA:8,1,0,0
BRF:2
BRH:0
end_of_record
TN:
SF:src/atoms/converterCard/index.js
FNF:0
FNH:0
LF:0
LH:0
BRF:0
BRH:0
end_of_record
TN:
SF:src/molecules/integerToRomanNumeral/IntegerToRomanNumeral.js
FN:15,(anonymous_0)
FN:23,(anonymous_1)
FNF:2
FNH:1
FNDA:0,(anonymous_0)
FNDA:2,(anonymous_1)
DA:10,2
DA:15,2
DA:16,0
DA:17,0
DA:18,0
DA:20,0
DA:24,2
DA:25,2
LF:8
LH:4
BRDA:17,0,0,0
BRDA:17,0,1,0
BRF:2
BRH:0
end_of_record
TN:
SF:src/molecules/integerToRomanNumeral/index.js
FNF:0
FNH:0
LF:0
LH:0
BRF:0
BRH:0
end_of_record
TN:
SF:src/molecules/romanNumeralToInteger/RomanNumeralToInteger.js
FN:15,(anonymous_0)
FN:23,(anonymous_1)
FNF:2
FNH:1
FNDA:0,(anonymous_0)
FNDA:2,(anonymous_1)
DA:10,2
DA:15,2
DA:16,0
DA:17,0
DA:18,0
DA:20,0
DA:24,2
DA:25,2
LF:8
LH:4
BRDA:15,0,0,0
BRDA:17,1,0,0
BRDA:17,1,1,0
BRF:3
BRH:0
end_of_record
TN:
SF:src/molecules/romanNumeralToInteger/index.js
FNF:0
FNH:0
LF:0
LH:0
BRF:0
BRH:0
end_of_record
TN:
SF:src/utils/fromRoman.js
FN:12,fromRoman
FNF:1
FNH:1
FNDA:3,fromRoman
DA:2,3
DA:13,3
DA:14,3
DA:15,1
DA:17,2
DA:18,2
DA:19,2
DA:20,2
DA:21,2
DA:22,2
DA:23,2
DA:25,2
DA:26,2
DA:27,2
DA:29,2
LF:15
LH:15
BRDA:12,0,0,0
BRDA:14,1,0,1
BRDA:14,1,1,2
BRDA:22,2,0,2
BRDA:22,2,1,0
BRF:5
BRH:3
end_of_record
TN:
SF:src/utils/toRoman.js
FN:5,(anonymous_0)
FN:5,(anonymous_1)
FN:7,toRoman
FNF:3
FNH:3
FNDA:6,(anonymous_0)
FNDA:21,(anonymous_1)
FNDA:4,toRoman
DA:1,3
DA:3,3
DA:5,21
DA:8,4
DA:9,4
DA:10,3
DA:12,1
DA:13,1
DA:14,6
DA:15,6
DA:16,6
DA:17,6
DA:19,1
LF:13
LH:13
BRDA:9,0,0,3
BRDA:9,0,1,1
BRDA:9,1,0,4
BRDA:9,1,1,3
BRF:4
BRH:4
end_of_record
